Build started 25.05.2018 19:30:28.
     1>Project "d:\Unuversity\2017 - 2018\Metodichka 3-sem 199-varoq\Dasturlari\Metodichka\Web brouserda jadvallar\Web_brouserda_jadvallar\Web_brouserda_jadvallar\Web_brouserda_jadvallar.vcxproj" on node 2 (Build target(s)).
     1>ClCompile:
         C:\Program Files (x86)\Microsoft Visual Studio 11.0\VC\bin\CL.exe /c /AI"C:\Program Files (x86)\Reference Assemblies\Microsoft\Framework\.NETFramework\v4.5\\" /AI"C:\Program Files (x86)\Windows Kits\8.0\References\CommonConfiguration\Neutral" /AI"C:\Program Files (x86)\Reference Assemblies\Microsoft\Framework\.NETFramework\v4.5\Facades\\" /Zi /clr:pure /nologo /W3 /WX- /Od /Oy- /D WIN32 /D _DEBUG /D _UNICODE /D UNICODE /EHa /MDd /GS /fp:precise /Zc:wchar_t /Zc:forScope /Yu"stdafx.h" /Fp"Debug\Web_brouserda_jadvallar.pch" /Fo"Debug\\" /Fd"Debug\vc110.pdb" /TP /FU"C:\Program Files (x86)\Reference Assemblies\Microsoft\Framework\.NETFramework\v4.5\mscorlib.dll" /FU"C:\Program Files (x86)\Reference Assemblies\Microsoft\Framework\.NETFramework\v4.5\System.Data.dll" /FU"C:\Program Files (x86)\Reference Assemblies\Microsoft\Framework\.NETFramework\v4.5\System.dll" /FU"C:\Program Files (x86)\Reference Assemblies\Microsoft\Framework\.NETFramework\v4.5\System.Drawing.dll" /FU"C:\Program Files (x86)\Reference Assemblies\Microsoft\Framework\.NETFramework\v4.5\System.Windows.Forms.dll" /FU"C:\Program Files (x86)\Reference Assemblies\Microsoft\Framework\.NETFramework\v4.5\System.Xml.dll" /analyze- /errorReport:prompt /clr:nostdlib Web_brouserda_jadvallar.cpp
         Web_brouserda_jadvallar.cpp
     1>d:\unuversity\2017 - 2018\metodichka 3-sem 199-varoq\dasturlari\metodichka\web brouserda jadvallar\web_brouserda_jadvallar\web_brouserda_jadvallar\Form1.h(121): warning C4996: 'fopen': This function or variable may be unsafe. Consider using fopen_s instead. To disable deprecation, use _CRT_SECURE_NO_WARNINGS. See online help for details.
                 C:\Program Files (x86)\Microsoft Visual Studio 11.0\VC\include\stdio.h(218) : see declaration of 'fopen'
     1>d:\unuversity\2017 - 2018\metodichka 3-sem 199-varoq\dasturlari\metodichka\web brouserda jadvallar\web_brouserda_jadvallar\web_brouserda_jadvallar\Form1.h(127): warning C4800: 'char *' : forcing value to bool 'true' or 'false' (performance warning)
     1>d:\unuversity\2017 - 2018\metodichka 3-sem 199-varoq\dasturlari\metodichka\web brouserda jadvallar\web_brouserda_jadvallar\web_brouserda_jadvallar\Form1.h(119): warning C4101: 'n' : unreferenced local variable
       Link:
         C:\Program Files (x86)\Microsoft Visual Studio 11.0\VC\bin\link.exe /ERRORREPORT:PROMPT /OUT:"D:\Unuversity\2017 - 2018\Metodichka 3-sem 199-varoq\Dasturlari\Metodichka\Web brouserda jadvallar\Web_brouserda_jadvallar\Debug\Web_brouserda_jadvallar.exe" /INCREMENTAL /NOLOGO /ASSEMBLYRESOURCE:Debug\Web_brouserda_jadvallar.Form1.resources /MANIFEST /MANIFESTUAC:"level='asInvoker' uiAccess='false'" /manifest:embed /DEBUG /PDB:"D:\Unuversity\2017 - 2018\Metodichka 3-sem 199-varoq\Dasturlari\Metodichka\Web brouserda jadvallar\Web_brouserda_jadvallar\Debug\Web_brouserda_jadvallar.pdb" /ASSEMBLYDEBUG /SUBSYSTEM:WINDOWS /TLBID:1 /ENTRY:"main" /DYNAMICBASE /FIXED:NO /NXCOMPAT /MACHINE:X86 Debug\app.res
         Debug\AssemblyInfo.obj
         Debug\stdafx.obj
         Debug\Talaba.obj
         Debug\Web_brouserda_jadvallar.obj
         "Debug\.NETFramework,Version=v4.5.AssemblyAttributes.obj"
         Web_brouserda_jadvallar.vcxproj -> D:\Unuversity\2017 - 2018\Metodichka 3-sem 199-varoq\Dasturlari\Metodichka\Web brouserda jadvallar\Web_brouserda_jadvallar\Debug\Web_brouserda_jadvallar.exe
     1>Done Building Project "d:\Unuversity\2017 - 2018\Metodichka 3-sem 199-varoq\Dasturlari\Metodichka\Web brouserda jadvallar\Web_brouserda_jadvallar\Web_brouserda_jadvallar\Web_brouserda_jadvallar.vcxproj" (Build target(s)).

Build succeeded.

Time Elapsed 00:00:04.87
