Build started 25.05.2018 19:32:17.
     1>Project "d:\Unuversity\2017 - 2018\Metodichka 3-sem 199-varoq\Dasturlari\Metodichka\Window Media Player\Window_Media_Player\Window_Media_Player\Window_Media_Player.vcxproj" on node 2 (Build target(s)).
     1>C:\Program Files (x86)\MSBuild\Microsoft.Cpp\v4.0\V110\Microsoft.MetaGen.targets(91,5): warning : Required file "C:\USERS\OYBEK\DOCUMENTS\VISUAL STUDIO 2012\PROJECTS\METODICHKA\WINDOW MEDIA PLAYER\WINDOW_MEDIA_PLAYER\WINDOW_MEDIA_PLAYER\INTEROP\INTEROP.WMPLIB.1.0.DLL" is missing.
     1>C:\Program Files (x86)\MSBuild\Microsoft.Cpp\v4.0\V110\Microsoft.MetaGen.targets(91,5): warning : Required file "C:\USERS\OYBEK\DOCUMENTS\VISUAL STUDIO 2012\PROJECTS\METODICHKA\WINDOW MEDIA PLAYER\WINDOW_MEDIA_PLAYER\WINDOW_MEDIA_PLAYER\INTEROP\AXINTEROP.WMPLIB.1.0.DLL" is missing.
     1>ClCompile:
         C:\Program Files (x86)\Microsoft Visual Studio 11.0\VC\bin\CL.exe /c /AI"C:\Program Files (x86)\Reference Assemblies\Microsoft\Framework\.NETFramework\v4.5\\" /AI"C:\Program Files (x86)\Windows Kits\8.0\References\CommonConfiguration\Neutral" /AI"C:\Program Files (x86)\Reference Assemblies\Microsoft\Framework\.NETFramework\v4.5\Facades\\" /Zi /clr:pure /nologo /W3 /WX- /Od /Oy- /D WIN32 /D _DEBUG /D _UNICODE /D UNICODE /EHa /MDd /GS /fp:precise /Zc:wchar_t /Zc:forScope /Yc"stdafx.h" /Fp"Debug\Window_Media_Player.pch" /Fo"Debug\\" /Fd"Debug\vc110.pdb" /TP /FU"C:\Program Files (x86)\Reference Assemblies\Microsoft\Framework\.NETFramework\v4.5\mscorlib.dll" /FU"C:\Program Files (x86)\Reference Assemblies\Microsoft\Framework\.NETFramework\v4.5\System.Data.dll" /FU"C:\Program Files (x86)\Reference Assemblies\Microsoft\Framework\.NETFramework\v4.5\System.dll" /FU"C:\Program Files (x86)\Reference Assemblies\Microsoft\Framework\.NETFramework\v4.5\System.Drawing.dll" /FU"C:\Program Files (x86)\Reference Assemblies\Microsoft\Framework\.NETFramework\v4.5\System.Windows.Forms.dll" /FU"C:\Program Files (x86)\Reference Assemblies\Microsoft\Framework\.NETFramework\v4.5\System.Xml.dll" /FUInterop\Interop.WMPLib.1.0.dll /FUInterop\AxInterop.WMPLib.1.0.dll /analyze- /errorReport:prompt /clr:nostdlib stdafx.cpp
         stdafx.cpp
         C:\Program Files (x86)\Microsoft Visual Studio 11.0\VC\bin\CL.exe /c /AI"C:\Program Files (x86)\Reference Assemblies\Microsoft\Framework\.NETFramework\v4.5\\" /AI"C:\Program Files (x86)\Windows Kits\8.0\References\CommonConfiguration\Neutral" /AI"C:\Program Files (x86)\Reference Assemblies\Microsoft\Framework\.NETFramework\v4.5\Facades\\" /Zi /clr:pure /nologo /W3 /WX- /Od /Oy- /D WIN32 /D _DEBUG /D _UNICODE /D UNICODE /EHa /MDd /GS /fp:precise /Zc:wchar_t /Zc:forScope /Yu"stdafx.h" /Fp"Debug\Window_Media_Player.pch" /Fo"Debug\\" /Fd"Debug\vc110.pdb" /TP /FU"C:\Program Files (x86)\Reference Assemblies\Microsoft\Framework\.NETFramework\v4.5\mscorlib.dll" /FU"C:\Program Files (x86)\Reference Assemblies\Microsoft\Framework\.NETFramework\v4.5\System.Data.dll" /FU"C:\Program Files (x86)\Reference Assemblies\Microsoft\Framework\.NETFramework\v4.5\System.dll" /FU"C:\Program Files (x86)\Reference Assemblies\Microsoft\Framework\.NETFramework\v4.5\System.Drawing.dll" /FU"C:\Program Files (x86)\Reference Assemblies\Microsoft\Framework\.NETFramework\v4.5\System.Windows.Forms.dll" /FU"C:\Program Files (x86)\Reference Assemblies\Microsoft\Framework\.NETFramework\v4.5\System.Xml.dll" /FUInterop\Interop.WMPLib.1.0.dll /FUInterop\AxInterop.WMPLib.1.0.dll /analyze- /errorReport:prompt /clr:nostdlib AssemblyInfo.cpp Window_Media_Player.cpp
         AssemblyInfo.cpp
         Window_Media_Player.cpp
         Generating Code...
         C:\Program Files (x86)\Microsoft Visual Studio 11.0\VC\bin\CL.exe /c /Zi /clr:pure /nologo /W3 /WX- /Od /Oy- /D WIN32 /D _DEBUG /D _UNICODE /D UNICODE /EHa /MDd /GS /fp:precise /Zc:wchar_t /Zc:forScope /Fo"Debug\\" /Fd"Debug\vc110.pdb" /TP /analyze- /errorReport:prompt "C:\Users\User\AppData\Local\Temp\.NETFramework,Version=v4.5.AssemblyAttributes.cpp"
         .NETFramework,Version=v4.5.AssemblyAttributes.cpp
       ResourceCompile:
         C:\Program Files (x86)\Windows Kits\8.0\bin\x86\rc.exe /D _UNICODE /D UNICODE /l"0x0409" /nologo /fo"Debug\app.res" app.rc 
       Link:
         C:\Program Files (x86)\Microsoft Visual Studio 11.0\VC\bin\link.exe /ERRORREPORT:PROMPT /OUT:"D:\Unuversity\2017 - 2018\Metodichka 3-sem 199-varoq\Dasturlari\Metodichka\Window Media Player\Window_Media_Player\Debug\Window_Media_Player.exe" /INCREMENTAL /NOLOGO /ASSEMBLYRESOURCE:Debug\Window_Media_Player.Form1.resources /MANIFEST /MANIFESTUAC:"level='asInvoker' uiAccess='false'" /manifest:embed /DEBUG /PDB:"D:\Unuversity\2017 - 2018\Metodichka 3-sem 199-varoq\Dasturlari\Metodichka\Window Media Player\Window_Media_Player\Debug\Window_Media_Player.pdb" /ASSEMBLYDEBUG /SUBSYSTEM:WINDOWS /TLBID:1 /ENTRY:"main" /DYNAMICBASE /FIXED:NO /NXCOMPAT /MACHINE:X86 Debug\app.res
         Debug\AssemblyInfo.obj
         Debug\stdafx.obj
         Debug\Window_Media_Player.obj
         "Debug\.NETFramework,Version=v4.5.AssemblyAttributes.obj"
         Window_Media_Player.vcxproj -> D:\Unuversity\2017 - 2018\Metodichka 3-sem 199-varoq\Dasturlari\Metodichka\Window Media Player\Window_Media_Player\Debug\Window_Media_Player.exe
     1>Done Building Project "d:\Unuversity\2017 - 2018\Metodichka 3-sem 199-varoq\Dasturlari\Metodichka\Window Media Player\Window_Media_Player\Window_Media_Player\Window_Media_Player.vcxproj" (Build target(s)).

Build succeeded.

Time Elapsed 00:00:02.35
